Using pre-set license

 COMMAND LINE ARGUMENTS:
/Applications/Unity/Hub/Editor/2020.3.0f1/Unity.app/Contents/MacOS/Unity
-adb2
-batchMode
-noUpm
-name
AssetImportWorker0
-projectPath
/Users/obedotu/Documents/GitHub/VR-project1
-logFile
Logs/AssetImportWorker0.log
-srvPort
56949
Successfully changed project path to: /Users/obedotu/Documents/GitHub/VR-project1
/Users/obedotu/Documents/GitHub/VR-project1
Using Asset Import Pipeline V2.
Refreshing native plugins compatible for Editor in 95.18 ms, found 1 plugins.
Preloading 0 native plugins for Editor in 0.00 ms.
Initialize engine version: 2020.3.0f1 (c7b5465681fb)
[Subsystems] Discovering subsystems at path /Applications/Unity/Hub/Editor/2020.3.0f1/Unity.app/Contents/Resources/UnitySubsystems
[Subsystems] Discovering subsystems at path /Users/obedotu/Documents/GitHub/VR-project1/Assets
GfxDevice: creating device client; threaded=0
2023-08-25 08:42:10.903 Unity[60232:3480131] (null) preferred device: Apple M1 (high power)
2023-08-25 08:42:10.904 Unity[60232:3480131] Metal devices available: 1
2023-08-25 08:42:10.904 Unity[60232:3480131] 0: Apple M1 (high power)
2023-08-25 08:42:10.904 Unity[60232:3480131] Using device Apple M1 (high power)
Initializing Metal device caps: Apple M1
Initialize mono
Mono path[0] = '/Applications/Unity/Hub/Editor/2020.3.0f1/Unity.app/Contents/Managed'
Mono path[1] = '/Applications/Unity/Hub/Editor/2020.3.0f1/Unity.app/Contents/MonoBleedingEdge/lib/mono/unityjit'
Mono config path = '/Applications/Unity/Hub/Editor/2020.3.0f1/Unity.app/Contents/MonoBleedingEdge/etc'
Using monoOptions --debugger-agent=transport=dt_socket,embedding=1,server=y,suspend=n,address=127.0.0.1:56232
Begin MonoManager ReloadAssembly
Registering precompiled unity dll's ...
Register platform support module: /Applications/Unity/Hub/Editor/2020.3.0f1/Unity.app/Contents/PlaybackEngines/MacStandaloneSupport/UnityEditor.OSXStandalone.Extensions.dll
Registered in 0.003089 seconds.
Native extension for OSXStandalone target not found
Refreshing native plugins compatible for Editor in 44.35 ms, found 1 plugins.
Preloading 0 native plugins for Editor in 0.00 ms.
Invoked RoslynAnalysisRunner static constructor.
RoslynAnalysisRunner will not be running.
RoslynAnalysisRunner has terminated.
Mono: successfully reloaded assembly
- Completed reload, in  1.962 seconds
Platform modules already initialized, skipping
Registering precompiled user dll's ...
Registered in 0.003126 seconds.
Begin MonoManager ReloadAssembly
Native extension for OSXStandalone target not found
Refreshing native plugins compatible for Editor in 45.24 ms, found 1 plugins.
Preloading 0 native plugins for Editor in 0.00 ms.
Invoked RoslynAnalysisRunner static constructor.
RoslynAnalysisRunner will not be running.
RoslynAnalysisRunner has terminated.
Mono: successfully reloaded assembly
- Completed reload, in  1.830 seconds
Platform modules already initialized, skipping
========================================================================
Worker process is ready to serve import requests
Launching external process: /Applications/Unity/Hub/Editor/2020.3.0f1/Unity.app/Contents/Tools/UnityShaderCompiler
Launched and connected shader compiler UnityShaderCompiler after 0.04 seconds
Refreshing native plugins compatible for Editor in 0.55 ms, found 1 plugins.
Preloading 0 native plugins for Editor in 0.00 ms.
Unloading 2270 Unused Serialized files (Serialized files now loaded: 0)
System memory in use before: 105.9 MB.
System memory in use after: 106.1 MB.

Unloading 37 unused Assets to reduce memory usage. Loaded Objects now: 2709.
Total: 9.581625 ms (FindLiveObjects: 0.647625 ms CreateObjectMapping: 0.077208 ms MarkObjects: 8.672667 ms  DeleteObjects: 0.180083 ms)

========================================================================
Received Import Request.
  path: Assets/StarterAssets/Readme.asset
  artifactKey: Guid(4181bfe715a83e843b7538d750dc57cc) Importer(815301076,1909f56bfc062723c751e8b465ee728b)
Start importing Assets/StarterAssets/Readme.asset using Guid(4181bfe715a83e843b7538d750dc57cc) Importer(815301076,1909f56bfc062723c751e8b465ee728b)  -> (artifact id: 'b9c57354f65677dcf88cb403d88e62dc') in 0.725519 seconds
  Import took 0.730888 seconds .

========================================================================
Received Import Request.
  Time since last request: 861.379460 seconds.
  path: Assets/red.mat
  artifactKey: Guid(582ef2fba9780400fa8e131bd55718f4) Importer(815301076,1909f56bfc062723c751e8b465ee728b)
Start importing Assets/red.mat using Guid(582ef2fba9780400fa8e131bd55718f4) Importer(815301076,1909f56bfc062723c751e8b465ee728b)  -> (artifact id: '690b9f795d91000f4c5fec368a325795') in 0.689439 seconds
  Import took 0.741904 seconds .

========================================================================
Received Import Request.
  Time since last request: 329.012107 seconds.
  path: Assets/EasySnap/Materials
  artifactKey: Guid(9c12dd32c77ed954db73032f938e0a94) Importer(815301076,1909f56bfc062723c751e8b465ee728b)
Start importing Assets/EasySnap/Materials using Guid(9c12dd32c77ed954db73032f938e0a94) Importer(815301076,1909f56bfc062723c751e8b465ee728b)  -> (artifact id: 'e243be6f81b65b3c67308dfe1906c770') in 0.011939 seconds
  Import took 0.050309 seconds .

========================================================================
Received Import Request.
  Time since last request: 0.041210 seconds.
  path: Assets/EasySnap/Materials/default.mat
  artifactKey: Guid(326c303c5c2b5fc4c86f876447e29ec7) Importer(815301076,1909f56bfc062723c751e8b465ee728b)
Start importing Assets/EasySnap/Materials/default.mat using Guid(326c303c5c2b5fc4c86f876447e29ec7) Importer(815301076,1909f56bfc062723c751e8b465ee728b)  -> (artifact id: 'd27c1a39476d5deb2105e17938418f6f') in 0.799156 seconds
  Import took 0.805932 seconds .

========================================================================
Received Import Request.
  Time since last request: 0.000835 seconds.
  path: Assets/EasySnap/Materials/Mat2.mat
  artifactKey: Guid(24686a2986aed6a4481ecce15cd308f2) Importer(815301076,1909f56bfc062723c751e8b465ee728b)
Start importing Assets/EasySnap/Materials/Mat2.mat using Guid(24686a2986aed6a4481ecce15cd308f2) Importer(815301076,1909f56bfc062723c751e8b465ee728b)  -> (artifact id: 'a7f4f41efd126ebf91f97379c389c59d') in 0.011378 seconds
  Import took 0.016909 seconds .

========================================================================
Received Import Request.
  Time since last request: 0.000282 seconds.
  path: Assets/EasySnap/Materials/targetMarkerMat.mat
  artifactKey: Guid(3d37cbd5e5ecca9469166831e601ff1c) Importer(815301076,1909f56bfc062723c751e8b465ee728b)
Start importing Assets/EasySnap/Materials/targetMarkerMat.mat using Guid(3d37cbd5e5ecca9469166831e601ff1c) Importer(815301076,1909f56bfc062723c751e8b465ee728b)  -> (artifact id: '7f758132d3c9a1dfc3fe04df7aeead1a') in 0.026417 seconds
  Import took 0.032679 seconds .

========================================================================
Received Import Request.
  Time since last request: 0.000215 seconds.
  path: Assets/EasySnap/Materials/Mat1.mat
  artifactKey: Guid(3d6f869ff37f54145a42fd68ea08ed27) Importer(815301076,1909f56bfc062723c751e8b465ee728b)
Start importing Assets/EasySnap/Materials/Mat1.mat using Guid(3d6f869ff37f54145a42fd68ea08ed27) Importer(815301076,1909f56bfc062723c751e8b465ee728b)  -> (artifact id: '0ce608ab4c244df1269c0ff5052c0513') in 0.007289 seconds
  Import took 0.012333 seconds .

========================================================================
Received Import Request.
  Time since last request: 0.000189 seconds.
  path: Assets/EasySnap/Materials/selectMarkerMat.mat
  artifactKey: Guid(43878c4eed89859458d9a0374afde67d) Importer(815301076,1909f56bfc062723c751e8b465ee728b)
Start importing Assets/EasySnap/Materials/selectMarkerMat.mat using Guid(43878c4eed89859458d9a0374afde67d) Importer(815301076,1909f56bfc062723c751e8b465ee728b)  -> (artifact id: 'f13bd5c315dcd56a190d4f6fa264eb06') in 0.012527 seconds
  Import took 0.026266 seconds .

========================================================================
Received Import Request.
  Time since last request: 0.000248 seconds.
  path: Assets/EasySnap/Materials/Mat4.mat
  artifactKey: Guid(78e6816ddc0860c41886bf5e34451e00) Importer(815301076,1909f56bfc062723c751e8b465ee728b)
Start importing Assets/EasySnap/Materials/Mat4.mat using Guid(78e6816ddc0860c41886bf5e34451e00) Importer(815301076,1909f56bfc062723c751e8b465ee728b)  -> (artifact id: '435030455ec138aaa3662cb2f273770a') in 0.009102 seconds
  Import took 0.019152 seconds .

========================================================================
Received Import Request.
  Time since last request: 0.000258 seconds.
  path: Assets/EasySnap/Materials/Mat5.mat
  artifactKey: Guid(c8cff40b0431ba441a8d291601729f15) Importer(815301076,1909f56bfc062723c751e8b465ee728b)
Start importing Assets/EasySnap/Materials/Mat5.mat using Guid(c8cff40b0431ba441a8d291601729f15) Importer(815301076,1909f56bfc062723c751e8b465ee728b)  -> (artifact id: 'f8b33edbdba91fcd8b7e3868f2bd7006') in 0.006736 seconds
  Import took 0.013515 seconds .

========================================================================
Received Import Request.
  Time since last request: 0.000247 seconds.
  path: Assets/EasySnap/Materials/Mat3.mat
  artifactKey: Guid(78054cb1ad9162c49b6bd919927b6bdd) Importer(815301076,1909f56bfc062723c751e8b465ee728b)
Start importing Assets/EasySnap/Materials/Mat3.mat using Guid(78054cb1ad9162c49b6bd919927b6bdd) Importer(815301076,1909f56bfc062723c751e8b465ee728b)  -> (artifact id: '73d4482db57d48a3773849f41be0b18f') in 0.007704 seconds
  Import took 0.014556 seconds .

========================================================================
Received Import Request.
  Time since last request: 897.317712 seconds.
  path: Assets/Textures/brick-wall-background-seamless-texture-pattern-illustration-free-vector.jpg
  artifactKey: Guid(12a4f0ae780d2459db742b3e5ae2470d) Importer(815301076,1909f56bfc062723c751e8b465ee728b)
Start importing Assets/Textures/brick-wall-background-seamless-texture-pattern-illustration-free-vector.jpg using Guid(12a4f0ae780d2459db742b3e5ae2470d) Importer(815301076,1909f56bfc062723c751e8b465ee728b)  -> (artifact id: '54df1a90ae4ddab04055c9a97343c167') in 0.741894 seconds
  Import took 0.834718 seconds .

========================================================================
Received Import Request.
  Time since last request: 228.375159 seconds.
  path: Assets/Textures/brick-wall-background-seamless-texture-pattern-illustration-free-vector.jpg
  artifactKey: Guid(12a4f0ae780d2459db742b3e5ae2470d) Importer(815301076,1909f56bfc062723c751e8b465ee728b)
Start importing Assets/Textures/brick-wall-background-seamless-texture-pattern-illustration-free-vector.jpg using Guid(12a4f0ae780d2459db742b3e5ae2470d) Importer(815301076,1909f56bfc062723c751e8b465ee728b)  -> (artifact id: '582a32e58654caa165234fa4318a4129') in 0.029050 seconds
  Import took 0.056208 seconds .

========================================================================
Received Import Request.
  Time since last request: 40.794406 seconds.
  path: Assets/StarterAssets/Mobile/UI/UI_Icon_Sprint.png
  artifactKey: Guid(b0fa70abd2a79904cb00b175dfd8ec7e) Importer(815301076,1909f56bfc062723c751e8b465ee728b)
Start importing Assets/StarterAssets/Mobile/UI/UI_Icon_Sprint.png using Guid(b0fa70abd2a79904cb00b175dfd8ec7e) Importer(815301076,1909f56bfc062723c751e8b465ee728b)  -> (artifact id: '4a27c879270d9ad934375321e10e7ec5') in 0.798007 seconds
  Import took 0.810743 seconds .

========================================================================
Received Import Request.
  Time since last request: 0.000694 seconds.
  path: Assets/StarterAssets/Mobile/UI/UI_Icon_Look.png
  artifactKey: Guid(af0ae2dbf3d1efb4f82af377950704a2) Importer(815301076,1909f56bfc062723c751e8b465ee728b)
Start importing Assets/StarterAssets/Mobile/UI/UI_Icon_Look.png using Guid(af0ae2dbf3d1efb4f82af377950704a2) Importer(815301076,1909f56bfc062723c751e8b465ee728b)  -> (artifact id: '720c2c11831b251daec192c525773fad') in 0.016954 seconds
  Import took 0.022241 seconds .

========================================================================
Received Import Request.
  Time since last request: 0.000381 seconds.
  path: Assets/StarterAssets/Mobile/UI/UI_Circle_Bevel_Base.png
  artifactKey: Guid(b74c31d447d2f5d41a61081bdf5e7126) Importer(815301076,1909f56bfc062723c751e8b465ee728b)
Start importing Assets/StarterAssets/Mobile/UI/UI_Circle_Bevel_Base.png using Guid(b74c31d447d2f5d41a61081bdf5e7126) Importer(815301076,1909f56bfc062723c751e8b465ee728b)  -> (artifact id: '1640702939680d02b18aab5723dbcb98') in 0.019137 seconds
  Import took 0.039431 seconds .

========================================================================
Received Import Request.
  Time since last request: 0.001632 seconds.
  path: Assets/StarterAssets/Mobile/UI/UI_Circle_Faded.png
  artifactKey: Guid(90ded0611e490aa4ba6961afbfc2280d) Importer(815301076,1909f56bfc062723c751e8b465ee728b)
Start importing Assets/StarterAssets/Mobile/UI/UI_Circle_Faded.png using Guid(90ded0611e490aa4ba6961afbfc2280d) Importer(815301076,1909f56bfc062723c751e8b465ee728b)  -> (artifact id: '6921b45ac71656ff4db071407b004c8f') in 0.056314 seconds
  Import took 0.067938 seconds .

========================================================================
Received Import Request.
  Time since last request: 0.000244 seconds.
  path: Assets/StarterAssets/Mobile/UI/UI_Icon_Jump.png
  artifactKey: Guid(751aa1b6637101946b2fdbb7aa27d6ad) Importer(815301076,1909f56bfc062723c751e8b465ee728b)
Start importing Assets/StarterAssets/Mobile/UI/UI_Icon_Jump.png using Guid(751aa1b6637101946b2fdbb7aa27d6ad) Importer(815301076,1909f56bfc062723c751e8b465ee728b)  -> (artifact id: 'c6c1e61e1d5184df77ed66ec645161a3') in 0.013767 seconds
  Import took 0.019705 seconds .

========================================================================
Received Import Request.
  Time since last request: 0.000217 seconds.
  path: Assets/StarterAssets/Mobile/UI/UI_Icon_Move.png
  artifactKey: Guid(ff7bfa7addf40784d86f62b8e4a034a6) Importer(815301076,1909f56bfc062723c751e8b465ee728b)
Start importing Assets/StarterAssets/Mobile/UI/UI_Icon_Move.png using Guid(ff7bfa7addf40784d86f62b8e4a034a6) Importer(815301076,1909f56bfc062723c751e8b465ee728b)  -> (artifact id: 'c9c8d7a3a25f794d9af4bbc45b860e52') in 0.014766 seconds
  Import took 0.021118 seconds .

========================================================================
Received Import Request.
  Time since last request: 5.527639 seconds.
  path: Packages/com.unity.probuilder/Content/Icons/Toolbar/Background/Tool_Hover_Vertical_Light.png
  artifactKey: Guid(2da08744ede4d43c7a048b6d16b3bd77) Importer(815301076,1909f56bfc062723c751e8b465ee728b)
Start importing Packages/com.unity.probuilder/Content/Icons/Toolbar/Background/Tool_Hover_Vertical_Light.png using Guid(2da08744ede4d43c7a048b6d16b3bd77) Importer(815301076,1909f56bfc062723c751e8b465ee728b)  -> (artifact id: 'cf0421e3a28f31eaadc6df2bf3e140e3') in 0.010598 seconds
  Import took 0.019182 seconds .

========================================================================
Received Import Request.
  Time since last request: 0.041747 seconds.
  path: Packages/com.unity.probuilder/Content/Icons/Toolbar/Background/Tool_Hover_Horizontal_Light.png
  artifactKey: Guid(87d265bff5dc54d589054b46f1b253fe) Importer(815301076,1909f56bfc062723c751e8b465ee728b)
Start importing Packages/com.unity.probuilder/Content/Icons/Toolbar/Background/Tool_Hover_Horizontal_Light.png using Guid(87d265bff5dc54d589054b46f1b253fe) Importer(815301076,1909f56bfc062723c751e8b465ee728b)  -> (artifact id: '1aa004d29a794c6e1a7de74b313fcba7') in 0.004444 seconds
  Import took 0.010238 seconds .

========================================================================
Received Import Request.
  Time since last request: 0.000204 seconds.
  path: Packages/com.unity.probuilder/Content/Icons/Toolbar/Background/Tool_Hover_Vertical.png
  artifactKey: Guid(994ce50ee442c4f259b8cbc4bf268c12) Importer(815301076,1909f56bfc062723c751e8b465ee728b)
Start importing Packages/com.unity.probuilder/Content/Icons/Toolbar/Background/Tool_Hover_Vertical.png using Guid(994ce50ee442c4f259b8cbc4bf268c12) Importer(815301076,1909f56bfc062723c751e8b465ee728b)  -> (artifact id: 'be516f6d8e73a19ad89b9f727f1d6d35') in 0.005516 seconds
  Import took 0.012931 seconds .

========================================================================
Received Import Request.
  Time since last request: 0.145584 seconds.
  path: Packages/com.unity.probuilder/Content/Icons/Toolbar/Background/Tool_Hover_Horizontal.png
  artifactKey: Guid(9bab02d192f844076ba0c205ecf1ea88) Importer(815301076,1909f56bfc062723c751e8b465ee728b)
Start importing Packages/com.unity.probuilder/Content/Icons/Toolbar/Background/Tool_Hover_Horizontal.png using Guid(9bab02d192f844076ba0c205ecf1ea88) Importer(815301076,1909f56bfc062723c751e8b465ee728b)  -> (artifact id: '278f93725c514c4fcf395293db496ce6') in 0.005504 seconds
  Import took 0.012858 seconds .

========================================================================
Received Import Request.
  Time since last request: 0.208983 seconds.
  path: Assets/AllSkyFree/Cartoon Base BlueSky/Sky_Day_BlueSky_Nothing_Cam_5_Down-Y.png
  artifactKey: Guid(4c119b81b42684c39873d7738564bcdd) Importer(815301076,1909f56bfc062723c751e8b465ee728b)
Start importing Assets/AllSkyFree/Cartoon Base BlueSky/Sky_Day_BlueSky_Nothing_Cam_5_Down-Y.png using Guid(4c119b81b42684c39873d7738564bcdd) Importer(815301076,1909f56bfc062723c751e8b465ee728b)  -> (artifact id: '94cbc7e7ff19b5ee4edadf50f1c67380') in 0.009210 seconds
  Import took 0.015871 seconds .

========================================================================
Received Import Request.
  Time since last request: 0.000199 seconds.
  path: Assets/AllSkyFree/_AllSkyFreeDemoEnvironment/SunGlare.psd
  artifactKey: Guid(85a4e5125000348519b7a18a518e6a69) Importer(815301076,1909f56bfc062723c751e8b465ee728b)
Start importing Assets/AllSkyFree/_AllSkyFreeDemoEnvironment/SunGlare.psd using Guid(85a4e5125000348519b7a18a518e6a69) Importer(815301076,1909f56bfc062723c751e8b465ee728b)  -> (artifact id: '847eeb01b20ef671e855edc5e49665b6') in 0.504912 seconds
  Import took 0.510797 seconds .

========================================================================
Received Import Request.
  Time since last request: 0.000260 seconds.
  path: Assets/AllSkyFree/Cartoon Base BlueSky/Sky_Day_BlueSky_Nothing_Cam_1_Back-Z.png
  artifactKey: Guid(33cbefefe2c7f4e77ac959c74eef5d4d) Importer(815301076,1909f56bfc062723c751e8b465ee728b)
Start importing Assets/AllSkyFree/Cartoon Base BlueSky/Sky_Day_BlueSky_Nothing_Cam_1_Back-Z.png using Guid(33cbefefe2c7f4e77ac959c74eef5d4d) Importer(815301076,1909f56bfc062723c751e8b465ee728b)  -> (artifact id: '93b40758d0af4ede0fd033a380e8063d') in 0.010339 seconds
  Import took 0.014610 seconds .

========================================================================
Received Import Request.
  Time since last request: 0.000187 seconds.
  path: Assets/AllSkyFree/Cartoon Base BlueSky/Sky_Day_BlueSky_Nothing_Cam_0_Front+Z.png
  artifactKey: Guid(d731d71c2b8e94c18b5ef8be277e6773) Importer(815301076,1909f56bfc062723c751e8b465ee728b)
Start importing Assets/AllSkyFree/Cartoon Base BlueSky/Sky_Day_BlueSky_Nothing_Cam_0_Front+Z.png using Guid(d731d71c2b8e94c18b5ef8be277e6773) Importer(815301076,1909f56bfc062723c751e8b465ee728b)  -> (artifact id: '9bae5ad077491e73cc51f8d8cc41f8fa') in 0.007868 seconds
  Import took 0.014089 seconds .

========================================================================
Received Import Request.
  Time since last request: 0.000208 seconds.
  path: Assets/AllSkyFree/Cartoon Base BlueSky/Sky_Day_BlueSky_Nothing_Cam_4_Up+Y.png
  artifactKey: Guid(5cf2d5ca2357a4d4fb98ebc5b6034e72) Importer(815301076,1909f56bfc062723c751e8b465ee728b)
Start importing Assets/AllSkyFree/Cartoon Base BlueSky/Sky_Day_BlueSky_Nothing_Cam_4_Up+Y.png using Guid(5cf2d5ca2357a4d4fb98ebc5b6034e72) Importer(815301076,1909f56bfc062723c751e8b465ee728b)  -> (artifact id: '821269f34e0e4b62f505aa3de963d2f2') in 0.009399 seconds
  Import took 0.015183 seconds .

========================================================================
Received Import Request.
  Time since last request: 0.000222 seconds.
  path: Assets/AllSkyFree/Cartoon Base BlueSky/Sky_Day_BlueSky_Nothing_Cam_3_Right-X.png
  artifactKey: Guid(d3b809c8b33ff46faa4245f0bca7e6fe) Importer(815301076,1909f56bfc062723c751e8b465ee728b)
Start importing Assets/AllSkyFree/Cartoon Base BlueSky/Sky_Day_BlueSky_Nothing_Cam_3_Right-X.png using Guid(d3b809c8b33ff46faa4245f0bca7e6fe) Importer(815301076,1909f56bfc062723c751e8b465ee728b)  -> (artifact id: '5c4c7ac926c6786173399addd1a48bcf') in 0.008316 seconds
  Import took 0.013913 seconds .

========================================================================
Received Import Request.
  Time since last request: 0.000234 seconds.
  path: Assets/AllSkyFree/Cartoon Base BlueSky/Sky_Day_BlueSky_Nothing_Cam_2_Left+X.png
  artifactKey: Guid(6b8f010ba933d4f01bdedec2c1a8a025) Importer(815301076,1909f56bfc062723c751e8b465ee728b)
Start importing Assets/AllSkyFree/Cartoon Base BlueSky/Sky_Day_BlueSky_Nothing_Cam_2_Left+X.png using Guid(6b8f010ba933d4f01bdedec2c1a8a025) Importer(815301076,1909f56bfc062723c751e8b465ee728b)  -> (artifact id: 'f29663341dd56a2ee628b2194a0d83e5') in 0.007582 seconds
  Import took 0.013314 seconds .

========================================================================
Received Import Request.
  Time since last request: 0.000280 seconds.
  path: Assets/AllSkyFree/Cartoon Base BlueSky/Sky_Day_BlueSky_Equirect.png
  artifactKey: Guid(d4c8dc343ae5d4673b7720ffdb1ddf00) Importer(815301076,1909f56bfc062723c751e8b465ee728b)
Start importing Assets/AllSkyFree/Cartoon Base BlueSky/Sky_Day_BlueSky_Equirect.png using Guid(d4c8dc343ae5d4673b7720ffdb1ddf00) Importer(815301076,1909f56bfc062723c751e8b465ee728b)  -> (artifact id: '3c688236b7421dc4b6e6903970b58619') in 0.505347 seconds
  Import took 0.510862 seconds .

========================================================================
Received Import Request.
  Time since last request: 0.000240 seconds.
  path: Assets/AllSkyFree/Overcast Low/Sky_AllSky_Overcast4_Low_Cam_5_Down-Y.png
  artifactKey: Guid(4164b771c2b784c2da3cbe10847a182e) Importer(815301076,1909f56bfc062723c751e8b465ee728b)
Start importing Assets/AllSkyFree/Overcast Low/Sky_AllSky_Overcast4_Low_Cam_5_Down-Y.png using Guid(4164b771c2b784c2da3cbe10847a182e) Importer(815301076,1909f56bfc062723c751e8b465ee728b)  -> (artifact id: '8a6f3c3209273435105717dc48fd54d0') in 0.012128 seconds
  Import took 0.017394 seconds .

========================================================================
Received Import Request.
  Time since last request: 11352.162576 seconds.
  path: Assets/Textures/brick-wall-background-seamless-texture-pattern-illustration-free-vector.jpg
  artifactKey: Guid(12a4f0ae780d2459db742b3e5ae2470d) Importer(815301076,1909f56bfc062723c751e8b465ee728b)
Start importing Assets/Textures/brick-wall-background-seamless-texture-pattern-illustration-free-vector.jpg using Guid(12a4f0ae780d2459db742b3e5ae2470d) Importer(815301076,1909f56bfc062723c751e8b465ee728b)  -> (artifact id: 'd546d985d2856d0ca5d8f56a2aac93b8') in 0.095390 seconds
  Import took 0.187674 seconds .

========================================================================
Received Import Request.
  Time since last request: 20313.269989 seconds.
  path: Assets/white.mat
  artifactKey: Guid(ef7b7120c2ed941ee8ebb1ef3fdf2cb5) Importer(815301076,1909f56bfc062723c751e8b465ee728b)
Start importing Assets/white.mat using Guid(ef7b7120c2ed941ee8ebb1ef3fdf2cb5) Importer(815301076,1909f56bfc062723c751e8b465ee728b)  -> (artifact id: '762bc47c4dbd9f3bebcbbcef923cce93') in 0.150010 seconds
  Import took 0.254157 seconds .

========================================================================
Received Import Request.
  Time since last request: 654.436576 seconds.
  path: Assets/StarterAssets/Environment/Art/Models/Wall_Mesh.fbx
  artifactKey: Guid(ff02a0a00ab750f48b09459b1cafd1b8) Importer(815301076,1909f56bfc062723c751e8b465ee728b)
Start importing Assets/StarterAssets/Environment/Art/Models/Wall_Mesh.fbx using Guid(ff02a0a00ab750f48b09459b1cafd1b8) Importer(815301076,1909f56bfc062723c751e8b465ee728b)  -> (artifact id: 'aeffa2f2c05181fecb068598d15ece15') in 0.893169 seconds
  Import took 0.965280 seconds .

========================================================================
Received Import Request.
  Time since last request: 0.000636 seconds.
  path: Assets/StarterAssets/Environment/Prefabs/Wall_Prefab.prefab
  artifactKey: Guid(9eb847ab97b24024588682c8601254cf) Importer(815301076,1909f56bfc062723c751e8b465ee728b)
Start importing Assets/StarterAssets/Environment/Prefabs/Wall_Prefab.prefab using Guid(9eb847ab97b24024588682c8601254cf) Importer(815301076,1909f56bfc062723c751e8b465ee728b)  -> (artifact id: 'd09b8a2df52b246a4e82645983fe4590') in 0.434800 seconds
  Import took 0.441550 seconds .

========================================================================
Received Import Request.
  Time since last request: 31.015722 seconds.
  path: Assets/Wall Texture.mat
  artifactKey: Guid(d8ce928bb7b90b9499b4159a7b0db81f) Importer(815301076,1909f56bfc062723c751e8b465ee728b)
Start importing Assets/Wall Texture.mat using Guid(d8ce928bb7b90b9499b4159a7b0db81f) Importer(815301076,1909f56bfc062723c751e8b465ee728b)  -> (artifact id: '1ed3e7115981586b496fd8e3e45a0e0a') in 0.343294 seconds
  Import took 0.388816 seconds .

========================================================================
Received Import Request.
  Time since last request: 534.635929 seconds.
  path: Assets/Materials/brick-wall-background-seamless-texture-pattern-illustration-free-vector.mat
  artifactKey: Guid(67fd179dbbcba4a54a355ddae43ff0a6) Importer(815301076,1909f56bfc062723c751e8b465ee728b)
Start importing Assets/Materials/brick-wall-background-seamless-texture-pattern-illustration-free-vector.mat using Guid(67fd179dbbcba4a54a355ddae43ff0a6) Importer(815301076,1909f56bfc062723c751e8b465ee728b)  -> (artifact id: '4e8253540ac42f6b1f0e262e3eb52bfc') in 0.055939 seconds
  Import took 0.071788 seconds .

========================================================================
Received Import Request.
  Time since last request: 58.241508 seconds.
  path: Assets/red.mat
  artifactKey: Guid(582ef2fba9780400fa8e131bd55718f4) Importer(815301076,1909f56bfc062723c751e8b465ee728b)
Start importing Assets/red.mat using Guid(582ef2fba9780400fa8e131bd55718f4) Importer(815301076,1909f56bfc062723c751e8b465ee728b)  -> (artifact id: 'c2a5055d3b96b8d4116edbf35d360e9b') in 0.063792 seconds
  Import took 0.078790 seconds .

========================================================================
Received Import Request.
  Time since last request: 0.327498 seconds.
  path: Assets/StarterAssets/Environment/Art/Models/Stairs_650_400_300_Mesh.fbx
  artifactKey: Guid(7e0223e1d3e1733499accfa5ebffb67e) Importer(815301076,1909f56bfc062723c751e8b465ee728b)
Start importing Assets/StarterAssets/Environment/Art/Models/Stairs_650_400_300_Mesh.fbx using Guid(7e0223e1d3e1733499accfa5ebffb67e) Importer(815301076,1909f56bfc062723c751e8b465ee728b)  -> (artifact id: 'a9358f2404d949d860cf8ad2feefd892') in 0.067808 seconds
  Import took 0.074141 seconds .

========================================================================
Received Import Request.
  Time since last request: 0.000195 seconds.
  path: Assets/AllSkyFree/_AllSkyFreeDemoEnvironment/Materials/AllSkyDemoEnv_Flag_Red.mat
  artifactKey: Guid(33230baef4dda4cf4bd25fcb15d0d06f) Importer(815301076,1909f56bfc062723c751e8b465ee728b)
Start importing Assets/AllSkyFree/_AllSkyFreeDemoEnvironment/Materials/AllSkyDemoEnv_Flag_Red.mat using Guid(33230baef4dda4cf4bd25fcb15d0d06f) Importer(815301076,1909f56bfc062723c751e8b465ee728b)  -> (artifact id: 'e816084ca38c28dfa7e7e736235d5a6a') in 0.007679 seconds
  Import took 0.012136 seconds .

========================================================================
Received Import Request.
  Time since last request: 0.000216 seconds.
  path: Assets/AllSkyFree/_AllSkyFreeDemoEnvironment/Materials/AllSkyDemoEnv_LightIllum.mat
  artifactKey: Guid(ff33c7fce672541f095331a057da80f0) Importer(815301076,1909f56bfc062723c751e8b465ee728b)
Start importing Assets/AllSkyFree/_AllSkyFreeDemoEnvironment/Materials/AllSkyDemoEnv_LightIllum.mat using Guid(ff33c7fce672541f095331a057da80f0) Importer(815301076,1909f56bfc062723c751e8b465ee728b)  -> (artifact id: '0f0315ba260580b13d234d128bc5f625') in 0.273823 seconds
  Import took 0.278203 seconds .

========================================================================
Received Import Request.
  Time since last request: 0.000207 seconds.
  path: Assets/AllSkyFree/_AllSkyFreeDemoEnvironment/Materials/AllSkyDemoEnv_TreeTrunk.mat
  artifactKey: Guid(52d55542834f2465eb9aed460fd370de) Importer(815301076,1909f56bfc062723c751e8b465ee728b)
Start importing Assets/AllSkyFree/_AllSkyFreeDemoEnvironment/Materials/AllSkyDemoEnv_TreeTrunk.mat using Guid(52d55542834f2465eb9aed460fd370de) Importer(815301076,1909f56bfc062723c751e8b465ee728b)  -> (artifact id: '1608d6042f2f39efc97299664ac71d89') in 0.007767 seconds
  Import took 0.011383 seconds .

========================================================================
Received Import Request.
  Time since last request: 0.000206 seconds.
  path: Assets/AllSkyFree/_AllSkyFreeDemoEnvironment/Materials/AllSkyDemoEnv_Flag_Blue.mat
  artifactKey: Guid(8e64a72f2cb9c45bba4b11d98489b11f) Importer(815301076,1909f56bfc062723c751e8b465ee728b)
Start importing Assets/AllSkyFree/_AllSkyFreeDemoEnvironment/Materials/AllSkyDemoEnv_Flag_Blue.mat using Guid(8e64a72f2cb9c45bba4b11d98489b11f) Importer(815301076,1909f56bfc062723c751e8b465ee728b)  -> (artifact id: '1656cbf76091067046d21e8db834935d') in 0.010124 seconds
  Import took 0.015204 seconds .

========================================================================
Received Import Request.
  Time since last request: 0.000263 seconds.
  path: Assets/AllSkyFree/_AllSkyFreeDemoEnvironment/Materials/AllSkyDemoEnv_TreeLeaves.mat
  artifactKey: Guid(2f31f4440de60444b8dd94d4d64b3c00) Importer(815301076,1909f56bfc062723c751e8b465ee728b)
Start importing Assets/AllSkyFree/_AllSkyFreeDemoEnvironment/Materials/AllSkyDemoEnv_TreeLeaves.mat using Guid(2f31f4440de60444b8dd94d4d64b3c00) Importer(815301076,1909f56bfc062723c751e8b465ee728b)  -> (artifact id: '5ff4bfcf8f35cd1a6b52cea867e84e71') in 0.020410 seconds
  Import took 0.024885 seconds .

========================================================================
Received Import Request.
  Time since last request: 0.000279 seconds.
  path: Assets/AllSkyFree/_AllSkyFreeDemoEnvironment/Materials/AllSkyDemoEnv_LightMetal.mat
  artifactKey: Guid(3e33a38e2349f447d9fb9ae62269009c) Importer(815301076,1909f56bfc062723c751e8b465ee728b)
Start importing Assets/AllSkyFree/_AllSkyFreeDemoEnvironment/Materials/AllSkyDemoEnv_LightMetal.mat using Guid(3e33a38e2349f447d9fb9ae62269009c) Importer(815301076,1909f56bfc062723c751e8b465ee728b)  -> (artifact id: 'b13453d21cb1f47e896e511fff6f977a') in 0.008152 seconds
  Import took 0.013004 seconds .

========================================================================
Received Import Request.
  Time since last request: 0.000323 seconds.
  path: Assets/StarterAssets/Environment/Art/Models/Ramp_Mesh.fbx
  artifactKey: Guid(426a2785f8a940049aac2c246661cf09) Importer(815301076,1909f56bfc062723c751e8b465ee728b)
Start importing Assets/StarterAssets/Environment/Art/Models/Ramp_Mesh.fbx using Guid(426a2785f8a940049aac2c246661cf09) Importer(815301076,1909f56bfc062723c751e8b465ee728b)  -> (artifact id: '3425ff1d42f3ce357a447fac32a8c098') in 0.018141 seconds
  Import took 0.022463 seconds .

========================================================================
Received Import Request.
  Time since last request: 0.000218 seconds.
  path: Assets/AllSkyFree/_AllSkyFreeDemoEnvironment/Materials/AllSkyDemoEnv_SphereSkyReflect.mat
  artifactKey: Guid(6b37186f17556447eb6746e517892110) Importer(815301076,1909f56bfc062723c751e8b465ee728b)
Start importing Assets/AllSkyFree/_AllSkyFreeDemoEnvironment/Materials/AllSkyDemoEnv_SphereSkyReflect.mat using Guid(6b37186f17556447eb6746e517892110) Importer(815301076,1909f56bfc062723c751e8b465ee728b)  -> (artifact id: 'aa6fdcd5ed3515ba3b54b3e2fcb9fa40') in 0.010675 seconds
  Import took 0.015460 seconds .

========================================================================
Received Import Request.
  Time since last request: 0.000334 seconds.
  path: Assets/StarterAssets/Environment/Art/Models/Stairs_200x100x200_Mesh.fbx
  artifactKey: Guid(fce3bf5a5b603db45ab0048fb6ab44df) Importer(815301076,1909f56bfc062723c751e8b465ee728b)
Start importing Assets/StarterAssets/Environment/Art/Models/Stairs_200x100x200_Mesh.fbx using Guid(fce3bf5a5b603db45ab0048fb6ab44df) Importer(815301076,1909f56bfc062723c751e8b465ee728b)  -> (artifact id: '3b9b0555825442d5a3497acc442e7433') in 0.034901 seconds
  Import took 0.040354 seconds .

========================================================================
Received Import Request.
  Time since last request: 0.000192 seconds.
  path: Assets/AllSkyFree/_AllSkyFreeDemoEnvironment/Materials/AllSkyDemoEnv_Landscape.mat
  artifactKey: Guid(010dd68491d1d4a1692a6d2272e5cb69) Importer(815301076,1909f56bfc062723c751e8b465ee728b)
Start importing Assets/AllSkyFree/_AllSkyFreeDemoEnvironment/Materials/AllSkyDemoEnv_Landscape.mat using Guid(010dd68491d1d4a1692a6d2272e5cb69) Importer(815301076,1909f56bfc062723c751e8b465ee728b)  -> (artifact id: '9e890c8120252c2b1050683ab1b69c49') in 0.008473 seconds
  Import took 0.013107 seconds .

========================================================================
Received Import Request.
  Time since last request: 0.000380 seconds.
  path: Assets/AllSkyFree/_AllSkyFreeDemoEnvironment/AllSkyFreeDemoEnvironment.prefab
  artifactKey: Guid(e2402d4ef4fe747ae9ad59bdccad4556) Importer(815301076,1909f56bfc062723c751e8b465ee728b)
Start importing Assets/AllSkyFree/_AllSkyFreeDemoEnvironment/AllSkyFreeDemoEnvironment.prefab using Guid(e2402d4ef4fe747ae9ad59bdccad4556) Importer(815301076,1909f56bfc062723c751e8b465ee728b)  -> (artifact id: '6e10693c250541d035761c54a8c544f1') in 0.299710 seconds
  Import took 0.305395 seconds .

========================================================================
Received Import Request.
  Time since last request: 0.000217 seconds.
  path: Assets/StarterAssets/Environment/Art/Materials/GridOrange_01_Mat.mat
  artifactKey: Guid(7ab977a21c92388468ee65ad1c0e5a78) Importer(815301076,1909f56bfc062723c751e8b465ee728b)
Start importing Assets/StarterAssets/Environment/Art/Materials/GridOrange_01_Mat.mat using Guid(7ab977a21c92388468ee65ad1c0e5a78) Importer(815301076,1909f56bfc062723c751e8b465ee728b)  -> (artifact id: 'fb7a21b33a4027227ea6d329a2f3e7d1') in 0.024075 seconds
  Import took 0.028932 seconds .

========================================================================
Received Import Request.
  Time since last request: 0.000305 seconds.
  path: Assets/AllSkyFree/_AllSkyFreeDemoEnvironment/Materials/AllSkyDemoEnv_FlagGreen.mat
  artifactKey: Guid(0acfc71c325c54b92add0b07097b6c57) Importer(815301076,1909f56bfc062723c751e8b465ee728b)
Start importing Assets/AllSkyFree/_AllSkyFreeDemoEnvironment/Materials/AllSkyDemoEnv_FlagGreen.mat using Guid(0acfc71c325c54b92add0b07097b6c57) Importer(815301076,1909f56bfc062723c751e8b465ee728b)  -> (artifact id: 'c60855efb87fadf34dbc6615bbab62f9') in 0.007738 seconds
  Import took 0.011772 seconds .

========================================================================
Received Import Request.
  Time since last request: 0.000189 seconds.
  path: Assets/AllSkyFree/_AllSkyFreeDemoEnvironment/AdditiveSprite.mat
  artifactKey: Guid(55c04ce684cb542debc357409498bc4e) Importer(815301076,1909f56bfc062723c751e8b465ee728b)
Start importing Assets/AllSkyFree/_AllSkyFreeDemoEnvironment/AdditiveSprite.mat using Guid(55c04ce684cb542debc357409498bc4e) Importer(815301076,1909f56bfc062723c751e8b465ee728b)  -> (artifact id: 'ed83f5b80397936778225fa62585701e') in 0.065401 seconds
  Import took 0.070248 seconds .

========================================================================
Received Import Request.
  Time since last request: 0.001113 seconds.
  path: Assets/AllSkyFree/_AllSkyFreeDemoEnvironment/Materials/AllSkyDemoEnv_MountainGlow.mat
  artifactKey: Guid(1d924399aa96d4378b9c507b7669a4f4) Importer(815301076,1909f56bfc062723c751e8b465ee728b)
Start importing Assets/AllSkyFree/_AllSkyFreeDemoEnvironment/Materials/AllSkyDemoEnv_MountainGlow.mat using Guid(1d924399aa96d4378b9c507b7669a4f4) Importer(815301076,1909f56bfc062723c751e8b465ee728b)  -> (artifact id: '734af02a538e7fb5f638f7051cbc9b88') in 0.022602 seconds
  Import took 0.026856 seconds .

========================================================================
Received Import Request.
  Time since last request: 0.000231 seconds.
  path: Assets/AllSkyFree/_AllSkyFreeDemoEnvironment/Materials/AllSkyDemoEnv_Rock.mat
  artifactKey: Guid(bfe0cbb8b308b4a40a8f309f516eede2) Importer(815301076,1909f56bfc062723c751e8b465ee728b)
Start importing Assets/AllSkyFree/_AllSkyFreeDemoEnvironment/Materials/AllSkyDemoEnv_Rock.mat using Guid(bfe0cbb8b308b4a40a8f309f516eede2) Importer(815301076,1909f56bfc062723c751e8b465ee728b)  -> (artifact id: 'c6b6004f3d0e353de24081b404d3cd3b') in 0.007907 seconds
  Import took 0.013561 seconds .

========================================================================
Received Import Request.
  Time since last request: 0.000255 seconds.
  path: Assets/AllSkyFree/_AllSkyFreeDemoEnvironment/Materials/AllSkyDemoEnv_Flag_Gold.mat
  artifactKey: Guid(01a7bc73373864398befa5c72ebb094c) Importer(815301076,1909f56bfc062723c751e8b465ee728b)
Start importing Assets/AllSkyFree/_AllSkyFreeDemoEnvironment/Materials/AllSkyDemoEnv_Flag_Gold.mat using Guid(01a7bc73373864398befa5c72ebb094c) Importer(815301076,1909f56bfc062723c751e8b465ee728b)  -> (artifact id: '0baa9ad77839fda3e1c74f22fdba6e63') in 0.011326 seconds
  Import took 0.015393 seconds .

========================================================================
Received Import Request.
  Time since last request: 0.000204 seconds.
  path: Assets/AllSkyFree/_AllSkyFreeDemoEnvironment/Materials/AllSkyDemoEnv_Building.mat
  artifactKey: Guid(4ecd3f24879b0402c92f21617e3db5e1) Importer(815301076,1909f56bfc062723c751e8b465ee728b)
Start importing Assets/AllSkyFree/_AllSkyFreeDemoEnvironment/Materials/AllSkyDemoEnv_Building.mat using Guid(4ecd3f24879b0402c92f21617e3db5e1) Importer(815301076,1909f56bfc062723c751e8b465ee728b)  -> (artifact id: '4af1e29b3ca16bd216dfc7df2a04c943') in 0.009576 seconds
  Import took 0.014573 seconds .

